{"total": {"lines":{"total":185,"covered":120,"skipped":0,"pct":64.86},"statements":{"total":197,"covered":124,"skipped":0,"pct":62.94},"functions":{"total":39,"covered":24,"skipped":0,"pct":61.53},"branches":{"total":44,"covered":26,"skipped":0,"pct":59.09},"branchesTrue":{"total":0,"covered":0,"skipped":0,"pct":100}}
,"/home/andre/Documentos/albernazandre.github.io/sd-028-a-store-manager/backend/src/Routes/index.js": {"lines":{"total":3,"covered":0,"skipped":0,"pct":0},"functions":{"total":0,"covered":0,"skipped":0,"pct":100},"statements":{"total":3,"covered":0,"skipped":0,"pct":0},"branches":{"total":0,"covered":0,"skipped":0,"pct":100}}
,"/home/andre/Documentos/albernazandre.github.io/sd-028-a-store-manager/backend/src/Routes/prodRoute.js": {"lines":{"total":11,"covered":0,"skipped":0,"pct":0},"functions":{"total":0,"covered":0,"skipped":0,"pct":100},"statements":{"total":11,"covered":0,"skipped":0,"pct":0},"branches":{"total":0,"covered":0,"skipped":0,"pct":100}}
,"/home/andre/Documentos/albernazandre.github.io/sd-028-a-store-manager/backend/src/Routes/saleRoute.js": {"lines":{"total":10,"covered":0,"skipped":0,"pct":0},"functions":{"total":0,"covered":0,"skipped":0,"pct":100},"statements":{"total":10,"covered":0,"skipped":0,"pct":0},"branches":{"total":0,"covered":0,"skipped":0,"pct":100}}
,"/home/andre/Documentos/albernazandre.github.io/sd-028-a-store-manager/backend/src/controllers/prodControl.js": {"lines":{"total":20,"covered":20,"skipped":0,"pct":100},"functions":{"total":4,"covered":4,"skipped":0,"pct":100},"statements":{"total":22,"covered":20,"skipped":0,"pct":90.9},"branches":{"total":4,"covered":2,"skipped":0,"pct":50}}
,"/home/andre/Documentos/albernazandre.github.io/sd-028-a-store-manager/backend/src/controllers/saleControl.js": {"lines":{"total":15,"covered":11,"skipped":0,"pct":73.33},"functions":{"total":3,"covered":2,"skipped":0,"pct":66.66},"statements":{"total":17,"covered":12,"skipped":0,"pct":70.58},"branches":{"total":4,"covered":2,"skipped":0,"pct":50}}
,"/home/andre/Documentos/albernazandre.github.io/sd-028-a-store-manager/backend/src/middlewares/bodyValid.js": {"lines":{"total":5,"covered":5,"skipped":0,"pct":100},"functions":{"total":1,"covered":1,"skipped":0,"pct":100},"statements":{"total":5,"covered":5,"skipped":0,"pct":100},"branches":{"total":2,"covered":2,"skipped":0,"pct":100}}
,"/home/andre/Documentos/albernazandre.github.io/sd-028-a-store-manager/backend/src/middlewares/idValid.js": {"lines":{"total":6,"covered":6,"skipped":0,"pct":100},"functions":{"total":1,"covered":1,"skipped":0,"pct":100},"statements":{"total":7,"covered":7,"skipped":0,"pct":100},"branches":{"total":2,"covered":2,"skipped":0,"pct":100}}
,"/home/andre/Documentos/albernazandre.github.io/sd-028-a-store-manager/backend/src/middlewares/joiSchema.js": {"lines":{"total":5,"covered":5,"skipped":0,"pct":100},"functions":{"total":0,"covered":0,"skipped":0,"pct":100},"statements":{"total":5,"covered":5,"skipped":0,"pct":100},"branches":{"total":0,"covered":0,"skipped":0,"pct":100}}
,"/home/andre/Documentos/albernazandre.github.io/sd-028-a-store-manager/backend/src/middlewares/prodNameValid.js": {"lines":{"total":9,"covered":9,"skipped":0,"pct":100},"functions":{"total":1,"covered":1,"skipped":0,"pct":100},"statements":{"total":9,"covered":9,"skipped":0,"pct":100},"branches":{"total":8,"covered":8,"skipped":0,"pct":100}}
,"/home/andre/Documentos/albernazandre.github.io/sd-028-a-store-manager/backend/src/middlewares/saleBodyValid.js": {"lines":{"total":7,"covered":0,"skipped":0,"pct":0},"functions":{"total":1,"covered":0,"skipped":0,"pct":0},"statements":{"total":7,"covered":0,"skipped":0,"pct":0},"branches":{"total":6,"covered":0,"skipped":0,"pct":0}}
,"/home/andre/Documentos/albernazandre.github.io/sd-028-a-store-manager/backend/src/middlewares/saleValid.js": {"lines":{"total":13,"covered":0,"skipped":0,"pct":0},"functions":{"total":7,"covered":0,"skipped":0,"pct":0},"statements":{"total":17,"covered":0,"skipped":0,"pct":0},"branches":{"total":4,"covered":0,"skipped":0,"pct":0}}
,"/home/andre/Documentos/albernazandre.github.io/sd-028-a-store-manager/backend/src/models/connection.js": {"lines":{"total":3,"covered":3,"skipped":0,"pct":100},"functions":{"total":0,"covered":0,"skipped":0,"pct":100},"statements":{"total":3,"covered":3,"skipped":0,"pct":100},"branches":{"total":4,"covered":4,"skipped":0,"pct":100}}
,"/home/andre/Documentos/albernazandre.github.io/sd-028-a-store-manager/backend/src/models/prodModel.js": {"lines":{"total":19,"covered":13,"skipped":0,"pct":68.42},"functions":{"total":5,"covered":3,"skipped":0,"pct":60},"statements":{"total":19,"covered":13,"skipped":0,"pct":68.42},"branches":{"total":2,"covered":0,"skipped":0,"pct":0}}
,"/home/andre/Documentos/albernazandre.github.io/sd-028-a-store-manager/backend/src/models/saleModel.js": {"lines":{"total":31,"covered":20,"skipped":0,"pct":64.51},"functions":{"total":9,"covered":5,"skipped":0,"pct":55.55},"statements":{"total":33,"covered":21,"skipped":0,"pct":63.63},"branches":{"total":2,"covered":0,"skipped":0,"pct":0}}
,"/home/andre/Documentos/albernazandre.github.io/sd-028-a-store-manager/backend/src/services/prodService.js": {"lines":{"total":15,"covered":15,"skipped":0,"pct":100},"functions":{"total":4,"covered":4,"skipped":0,"pct":100},"statements":{"total":16,"covered":16,"skipped":0,"pct":100},"branches":{"total":2,"covered":2,"skipped":0,"pct":100}}
,"/home/andre/Documentos/albernazandre.github.io/sd-028-a-store-manager/backend/src/services/saleService.js": {"lines":{"total":13,"covered":13,"skipped":0,"pct":100},"functions":{"total":3,"covered":3,"skipped":0,"pct":100},"statements":{"total":13,"covered":13,"skipped":0,"pct":100},"branches":{"total":4,"covered":4,"skipped":0,"pct":100}}
}
